<?xml version="1.0" encoding="UTF-8"?>
<testng-results ignored="1" total="5" passed="4" failed="0" skipped="0">
  <reporter-output>
  </reporter-output>
  <suite started-at="2020-02-18T15:17:33 IST" name="Default suite" finished-at="2020-02-18T15:17:33 IST" duration-ms="53">
    <groups>
    </groups>
    <test started-at="2020-02-18T15:17:33 IST" name="Default test" finished-at="2020-02-18T15:17:33 IST" duration-ms="53">
      <class name="introduction.Testcase3">
        <test-method is-config="true" signature="Bfsuite()[pri:0, instance:introduction.Testcase3@13acb0d1]" started-at="2020-02-18T15:17:33 IST" name="Bfsuite" finished-at="2020-02-18T15:17:33 IST" duration-ms="10" status="PASS">
          <reporter-output>
          </reporter-output>
        </test-method> <!-- Bfsuite -->
        <test-method is-config="true" signature="Beforeclass()[pri:0, instance:introduction.Testcase3@13acb0d1]" started-at="2020-02-18T15:17:33 IST" name="Beforeclass" finished-at="2020-02-18T15:17:33 IST" duration-ms="0" status="PASS">
          <reporter-output>
          </reporter-output>
        </test-method> <!-- Beforeclass -->
        <test-method signature="WebLoginCarLoan(java.lang.String, java.lang.String)[pri:0, instance:introduction.Testcase3@13acb0d1]" started-at="2020-02-18T15:17:33 IST" name="WebLoginCarLoan" data-provider="getData" finished-at="2020-02-18T15:17:33 IST" duration-ms="7" status="PASS">
          <params>
            <param index="0">
              <value>
                <![CDATA[firstsetusername]]>
              </value>
            </param>
            <param index="1">
              <value>
                <![CDATA[password]]>
              </value>
            </param>
          </params>
          <reporter-output>
          </reporter-output>
        </test-method> <!-- WebLoginCarLoan -->
        <test-method signature="WebLoginCarLoan(java.lang.String, java.lang.String)[pri:0, instance:introduction.Testcase3@13acb0d1]" started-at="2020-02-18T15:17:33 IST" name="WebLoginCarLoan" data-provider="getData" finished-at="2020-02-18T15:17:33 IST" duration-ms="1" status="PASS">
          <params>
            <param index="0">
              <value>
                <![CDATA[secondsetusername]]>
              </value>
            </param>
            <param index="1">
              <value>
                <![CDATA[secondpassword]]>
              </value>
            </param>
          </params>
          <reporter-output>
          </reporter-output>
        </test-method> <!-- WebLoginCarLoan -->
        <test-method signature="WebLoginCarLoan(java.lang.String, java.lang.String)[pri:0, instance:introduction.Testcase3@13acb0d1]" started-at="2020-02-18T15:17:33 IST" name="WebLoginCarLoan" data-provider="getData" finished-at="2020-02-18T15:17:33 IST" duration-ms="3" status="PASS">
          <params>
            <param index="0">
              <value>
                <![CDATA[thirdsetpassword]]>
              </value>
            </param>
            <param index="1">
              <value>
                <![CDATA[thirdpassword]]>
              </value>
            </param>
          </params>
          <reporter-output>
          </reporter-output>
        </test-method> <!-- WebLoginCarLoan -->
        <test-method signature="LoginApiCarLoan()[pri:0, instance:introduction.Testcase3@13acb0d1]" started-at="2020-02-18T15:17:33 IST" name="LoginApiCarLoan" finished-at="2020-02-18T15:17:33 IST" depends-on-methods="introduction.Testcase3.WebLoginCarLoan" duration-ms="1" status="PASS">
          <reporter-output>
          </reporter-output>
        </test-method> <!-- LoginApiCarLoan -->
        <test-method is-config="true" signature="Afterclass()[pri:0, instance:introduction.Testcase3@13acb0d1]" started-at="2020-02-18T15:17:33 IST" name="Afterclass" finished-at="2020-02-18T15:17:33 IST" duration-ms="0" status="PASS">
          <reporter-output>
          </reporter-output>
        </test-method> <!-- Afterclass -->
      </class> <!-- introduction.Testcase3 -->
    </test> <!-- Default test -->
  </suite> <!-- Default suite -->
</testng-results>
