<?xml version="1.0" encoding="UTF-8"?>
<testng-results ignored="0" total="1" passed="1" failed="0" skipped="0">
  <reporter-output>
  </reporter-output>
  <suite started-at="2020-02-05T12:24:58 IST" name="Default suite" finished-at="2020-02-05T12:24:58 IST" duration-ms="39">
    <groups>
    </groups>
    <test started-at="2020-02-05T12:24:58 IST" name="Default test" finished-at="2020-02-05T12:24:58 IST" duration-ms="39">
      <class name="parameters.practice">
        <test-method signature="Login()[pri:0, instance:parameters.practice@53ca01a2]" started-at="2020-02-05T12:24:58 IST" name="Login" finished-at="2020-02-05T12:24:58 IST" duration-ms="9" status="PASS">
          <reporter-output>
          </reporter-output>
        </test-method> <!-- Login -->
      </class> <!-- parameters.practice -->
    </test> <!-- Default test -->
  </suite> <!-- Default suite -->
</testng-results>
