<?xml version="1.0" encoding="UTF-8"?>
<!-- Generated by org.testng.reporters.JUnitXMLReporter -->
<testsuite ignored="0" hostname="Apples-MBP" failures="0" tests="6" name="Car loan" time="0.015" errors="0" timestamp="2021-02-17T10:03:05 IST">
  <testcase classname="A2.test4" name="LoginAPICarLoan" time="0.001"/>
  <testcase classname="A2.test4" name="MobileLoginCarLoan" time="0.0"/>
  <testcase classname="A2.test4" name="WebLoginCarLoan" time="0.001"/>
  <testcase classname="A2.test6" name="LoginAPIHomeLoan" time="0.001"/>
  <testcase classname="A2.test6" name="MobileHomeLoan" time="0.0"/>
  <testcase classname="A2.test6" name="WebHomeLoan" time="0.001"/>
</testsuite> <!-- Car loan -->
