<?xml version="1.0" encoding="UTF-8"?>
<!-- Generated by org.testng.reporters.JUnitXMLReporter -->
<testsuite ignored="0" hostname="Apples-MBP" failures="0" tests="10" name="Personal loan" time="0.055" errors="0" timestamp="2021-02-17T23:02:26 IST">
  <testcase classname="A2.test2" name="Demo" time="0.004"/>
  <testcase classname="A2.test2" name="SecondTest" time="0.001"/>
  <testcase classname="A2.test3" name="pLoan" time="0.001"/>
  <testcase classname="A2.test4" name="LoginAPICarLoan" time="0.001"/>
  <testcase classname="A2.test4" name="MobileLoginCarLoan" time="0.001"/>
  <testcase classname="A2.test4" name="WebLoginCarLoan" time="0.001"/>
  <testcase classname="A2.test4" name="WebLoginCarLoan" time="0.001"/>
  <testcase classname="A2.test6" name="LoginAPIHomeLoan" time="0.001"/>
  <testcase classname="A2.test6" name="MobileHomeLoan" time="0.001"/>
  <testcase classname="A2.test6" name="WebHomeLoan" time="0.001"/>
</testsuite> <!-- Personal loan -->
