<?xml version="1.0" encoding="UTF-8"?>
<testng-results ignored="0" total="1" passed="1" failed="0" skipped="0">
  <reporter-output>
  </reporter-output>
  <suite started-at="2021-02-09T17:09:35 IST" name="Default suite" finished-at="2021-02-09T17:09:35 IST" duration-ms="36">
    <groups>
    </groups>
    <test started-at="2021-02-09T17:09:35 IST" name="Default test" finished-at="2021-02-09T17:09:35 IST" duration-ms="36">
      <class name="test1.testclass1">
        <test-method is-config="true" signature="prerequisite()[pri:0, instance:test1.testclass1@36f0f1be]" started-at="2021-02-09T17:09:35 IST" name="prerequisite" finished-at="2021-02-09T17:09:35 IST" duration-ms="8" status="PASS">
          <reporter-output>
          </reporter-output>
        </test-method> <!-- prerequisite -->
        <test-method signature="tcs()[pri:0, instance:test1.testclass1@36f0f1be]" started-at="2021-02-09T17:09:35 IST" name="tcs" finished-at="2021-02-09T17:09:35 IST" duration-ms="5" status="PASS">
          <reporter-output>
          </reporter-output>
        </test-method> <!-- tcs -->
      </class> <!-- test1.testclass1 -->
    </test> <!-- Default test -->
  </suite> <!-- Default suite -->
</testng-results>
