<?xml version="1.0" encoding="UTF-8"?>
<!-- Generated by org.testng.reporters.JUnitXMLReporter -->
<testsuite ignored="1" hostname="Apples-MacBook-Pro.local" failures="0" tests="4" name="Car loan" time="0.014" errors="0" timestamp="2020-01-22T13:45:59 IST">
  <testcase classname="introduction.Testcase3" name="WebLoginCarLoan" time="0.001"/>
  <testcase classname="introduction.Testcase3" name="WebLoginCarLoan" time="0.001"/>
  <testcase classname="introduction.Testcase3" name="WebLoginCarLoan" time="0.001"/>
  <testcase classname="introduction.Testcase3" name="LoginApiCarLoan" time="0.0"/>
  <testcase classname="introduction.Testcase3" name="MobileLoginCarLoan" time="0.0">
    <ignored/>
  </testcase> <!-- MobileLoginCarLoan -->
</testsuite> <!-- Car loan -->
