<?xml version="1.0" encoding="UTF-8"?>
<!-- Generated by org.testng.reporters.JUnitXMLReporter -->
<testsuite ignored="1" hostname="Apples-MacBook-Pro.local" failures="0" tests="5" name="Personal loan" time="0.063" errors="0" timestamp="2020-01-22T13:45:59 IST">
  <testcase classname="introduction.testcase" name="Demo" time="0.007"/>
  <testcase classname="introduction.Testcase2" name="ploan" time="0.003"/>
  <testcase classname="introduction.Testcase4" name="LoginApihomeLoan" time="0.003"/>
  <testcase classname="introduction.Testcase4" name="MobileLoginhomeLoan" time="0.002"/>
  <testcase classname="introduction.Testcase4" name="WebLoginHomeLoan" time="0.002"/>
  <testcase classname="introduction.testcase" name="SecondTest" time="0.0">
    <ignored/>
  </testcase> <!-- SecondTest -->
</testsuite> <!-- Personal loan -->
