<?xml version="1.0" encoding="UTF-8"?>
<!-- Generated by org.testng.reporters.JUnitXMLReporter -->
<testsuite ignored="8" hostname="Apples-MacBook-Pro.local" failures="0" tests="1" name="Regression" time="0.034" errors="0" timestamp="2020-01-22T12:33:27 IST">
  <testcase classname="introduction.Testcase4" name="LoginApihomeLoan" time="0.007"/>
  <testcase classname="introduction.Testcase4" name="MobileLoginhomeLoan" time="0.0">
    <ignored/>
  </testcase> <!-- MobileLoginhomeLoan -->
  <testcase classname="introduction.Testcase3" name="MobileLoginCarLoan" time="0.0">
    <ignored/>
  </testcase> <!-- MobileLoginCarLoan -->
  <testcase classname="introduction.testcase" name="SecondTest" time="0.0">
    <ignored/>
  </testcase> <!-- SecondTest -->
  <testcase classname="introduction.Testcase4" name="WebLoginHomeLoan" time="0.0">
    <ignored/>
  </testcase> <!-- WebLoginHomeLoan -->
  <testcase classname="introduction.Testcase3" name="LoginApiCarLoan" time="0.0">
    <ignored/>
  </testcase> <!-- LoginApiCarLoan -->
  <testcase classname="introduction.testcase" name="Demo" time="0.0">
    <ignored/>
  </testcase> <!-- Demo -->
  <testcase classname="introduction.Testcase3" name="WebLoginCarLoan" time="0.0">
    <ignored/>
  </testcase> <!-- WebLoginCarLoan -->
  <testcase classname="introduction.Testcase2" name="ploan" time="0.0">
    <ignored/>
  </testcase> <!-- ploan -->
</testsuite> <!-- Regression -->
