<?xml version="1.0" encoding="UTF-8"?>
<testng-results ignored="0" total="10" passed="10" failed="0" skipped="0">
  <reporter-output>
  </reporter-output>
  <suite started-at="2021-02-17T23:02:26 IST" name="Loan Department" finished-at="2021-02-17T23:02:26 IST" duration-ms="55">
    <groups>
      <group name="smoke">
        <method signature="test6.MobileHomeLoan()[pri:0, instance:A2.test6@10e41621]" name="MobileHomeLoan" class="A2.test6"/>
      </group> <!-- smoke -->
    </groups>
    <test started-at="2021-02-17T23:02:26 IST" name="Personal loan" finished-at="2021-02-17T23:02:26 IST" duration-ms="55">
      <class name="A2.test4">
        <test-method is-config="true" signature="BfSuite()[pri:0, instance:A2.test4@e056f20]" started-at="2021-02-17T23:02:26 IST" name="BfSuite" finished-at="2021-02-17T23:02:26 IST" duration-ms="8" status="PASS">
          <reporter-output>
          </reporter-output>
        </test-method> <!-- BfSuite -->
        <test-method is-config="true" signature="BfMethod()[pri:0, instance:A2.test4@e056f20]" started-at="2021-02-17T23:02:26 IST" name="BfMethod" finished-at="2021-02-17T23:02:26 IST" duration-ms="0" status="PASS">
          <reporter-output>
          </reporter-output>
        </test-method> <!-- BfMethod -->
        <test-method signature="LoginAPICarLoan()[pri:0, instance:A2.test4@e056f20]" started-at="2021-02-17T23:02:26 IST" name="LoginAPICarLoan" finished-at="2021-02-17T23:02:26 IST" duration-ms="1" status="PASS">
          <reporter-output>
          </reporter-output>
        </test-method> <!-- LoginAPICarLoan -->
        <test-method is-config="true" signature="BfMethod()[pri:0, instance:A2.test4@e056f20]" started-at="2021-02-17T23:02:26 IST" name="BfMethod" finished-at="2021-02-17T23:02:26 IST" duration-ms="1" status="PASS">
          <reporter-output>
          </reporter-output>
        </test-method> <!-- BfMethod -->
        <test-method signature="MobileLoginCarLoan(java.lang.String)[pri:0, instance:A2.test4@e056f20]" started-at="2021-02-17T23:02:26 IST" name="MobileLoginCarLoan" finished-at="2021-02-17T23:02:26 IST" duration-ms="1" status="PASS">
          <params>
            <param index="0">
              <value>
                <![CDATA[qaclickacademy.com]]>
              </value>
            </param>
          </params>
          <reporter-output>
          </reporter-output>
        </test-method> <!-- MobileLoginCarLoan -->
        <test-method signature="WebLoginCarLoan(java.lang.String, java.lang.String)[pri:0, instance:A2.test4@e056f20]" started-at="2021-02-17T23:02:26 IST" name="WebLoginCarLoan" data-provider="getData" finished-at="2021-02-17T23:02:26 IST" duration-ms="1" status="PASS">
          <params>
            <param index="0">
              <value>
                <![CDATA[firstusername]]>
              </value>
            </param>
            <param index="1">
              <value>
                <![CDATA[password]]>
              </value>
            </param>
          </params>
          <reporter-output>
          </reporter-output>
        </test-method> <!-- WebLoginCarLoan -->
        <test-method is-config="true" signature="BfMethod()[pri:0, instance:A2.test4@e056f20]" started-at="2021-02-17T23:02:26 IST" name="BfMethod" finished-at="2021-02-17T23:02:26 IST" duration-ms="0" status="PASS">
          <reporter-output>
          </reporter-output>
        </test-method> <!-- BfMethod -->
        <test-method is-config="true" signature="BfMethod()[pri:0, instance:A2.test4@e056f20]" started-at="2021-02-17T23:02:26 IST" name="BfMethod" finished-at="2021-02-17T23:02:26 IST" duration-ms="0" status="PASS">
          <reporter-output>
          </reporter-output>
        </test-method> <!-- BfMethod -->
        <test-method signature="WebLoginCarLoan(java.lang.String, java.lang.String)[pri:0, instance:A2.test4@e056f20]" started-at="2021-02-17T23:02:26 IST" name="WebLoginCarLoan" data-provider="getData" finished-at="2021-02-17T23:02:26 IST" duration-ms="1" status="PASS">
          <params>
            <param index="0">
              <value>
                <![CDATA[secondusername]]>
              </value>
            </param>
            <param index="1">
              <value>
                <![CDATA[second password]]>
              </value>
            </param>
          </params>
          <reporter-output>
          </reporter-output>
        </test-method> <!-- WebLoginCarLoan -->
      </class> <!-- A2.test4 -->
      <class name="A2.test3">
        <test-method signature="pLoan()[pri:0, instance:A2.test3@19bb07ed]" started-at="2021-02-17T23:02:26 IST" name="pLoan" finished-at="2021-02-17T23:02:26 IST" duration-ms="1" status="PASS">
          <reporter-output>
          </reporter-output>
        </test-method> <!-- pLoan -->
      </class> <!-- A2.test3 -->
      <class name="A2.test6">
        <test-method signature="LoginAPIHomeLoan()[pri:0, instance:A2.test6@10e41621]" started-at="2021-02-17T23:02:26 IST" name="LoginAPIHomeLoan" finished-at="2021-02-17T23:02:26 IST" duration-ms="1" status="PASS">
          <reporter-output>
          </reporter-output>
        </test-method> <!-- LoginAPIHomeLoan -->
        <test-method signature="MobileHomeLoan()[pri:0, instance:A2.test6@10e41621]" started-at="2021-02-17T23:02:26 IST" name="MobileHomeLoan" finished-at="2021-02-17T23:02:26 IST" duration-ms="1" status="PASS">
          <reporter-output>
          </reporter-output>
        </test-method> <!-- MobileHomeLoan -->
        <test-method signature="WebHomeLoan()[pri:0, instance:A2.test6@10e41621]" started-at="2021-02-17T23:02:26 IST" name="WebHomeLoan" finished-at="2021-02-17T23:02:26 IST" duration-ms="1" status="PASS">
          <reporter-output>
          </reporter-output>
        </test-method> <!-- WebHomeLoan -->
      </class> <!-- A2.test6 -->
      <class name="A2.test2">
        <test-method signature="Demo()[pri:0, instance:A2.test2@4b0b0854]" started-at="2021-02-17T23:02:26 IST" name="Demo" finished-at="2021-02-17T23:02:26 IST" duration-ms="4" status="PASS">
          <reporter-output>
          </reporter-output>
        </test-method> <!-- Demo -->
        <test-method signature="SecondTest()[pri:0, instance:A2.test2@4b0b0854]" started-at="2021-02-17T23:02:26 IST" name="SecondTest" finished-at="2021-02-17T23:02:26 IST" duration-ms="1" status="PASS">
          <reporter-output>
          </reporter-output>
        </test-method> <!-- SecondTest -->
        <test-method is-config="true" signature="LastExecution()[pri:0, instance:A2.test2@4b0b0854]" started-at="2021-02-17T23:02:26 IST" name="LastExecution" finished-at="2021-02-17T23:02:26 IST" duration-ms="0" status="PASS">
          <reporter-output>
          </reporter-output>
        </test-method> <!-- LastExecution -->
        <test-method is-config="true" signature="AfSuite()[pri:0, instance:A2.test2@4b0b0854]" started-at="2021-02-17T23:02:26 IST" name="AfSuite" finished-at="2021-02-17T23:02:26 IST" duration-ms="1" status="PASS">
          <reporter-output>
          </reporter-output>
        </test-method> <!-- AfSuite -->
      </class> <!-- A2.test2 -->
    </test> <!-- Personal loan -->
  </suite> <!-- Loan Department -->
</testng-results>
